Using pre-set license
Built from '2020.3/staging' branch; Version is '2020.3.28f1 (f5400f52e03f) revision 16072719'; Using compiler version '192528614'; Build Type 'Release'
OS: 'Windows 10  (10.0.19044) 64bit Professional' Language: 'ko' Physical Memory: 16328 MB
BatchMode: 1, IsHumanControllingUs: 0, StartBugReporterOnCrash: 0, Is64bit: 1, IsPro: 0

COMMAND LINE ARGUMENTS:
C:\Program Files\Unity\Hub\Editor\2020.3.28f1\Editor\Unity.exe
-adb2
-batchMode
-noUpm
-name
AssetImportWorker0
-projectPath
D:/unity/GitHub/ZombieSurvivalMulti/ZombieSurvivalMulti/Zombie
-logFile
Logs/AssetImportWorker0.log
-srvPort
51863
Successfully changed project path to: D:/unity/GitHub/ZombieSurvivalMulti/ZombieSurvivalMulti/Zombie
D:/unity/GitHub/ZombieSurvivalMulti/ZombieSurvivalMulti/Zombie
Using Asset Import Pipeline V2.
Refreshing native plugins compatible for Editor in 34.74 ms, found 2 plugins.
Preloading 0 native plugins for Editor in 0.00 ms.
Initialize engine version: 2020.3.28f1 (f5400f52e03f)
[Subsystems] Discovering subsystems at path C:/Program Files/Unity/Hub/Editor/2020.3.28f1/Editor/Data/Resources/UnitySubsystems
[Subsystems] Discovering subsystems at path D:/unity/GitHub/ZombieSurvivalMulti/ZombieSurvivalMulti/Zombie/Assets
GfxDevice: creating device client; threaded=0
Direct3D:
    Version:  Direct3D 11.0 [level 11.1]
    Renderer: NVIDIA GeForce GTX 1060 6GB (ID=0x1c03)
    Vendor:   
    VRAM:     6052 MB
    Driver:   27.21.14.5671
Initialize mono
Mono path[0] = 'C:/Program Files/Unity/Hub/Editor/2020.3.28f1/Editor/Data/Managed'
Mono path[1] = 'C:/Program Files/Unity/Hub/Editor/2020.3.28f1/Editor/Data/MonoBleedingEdge/lib/mono/unityjit'
Mono config path = 'C:/Program Files/Unity/Hub/Editor/2020.3.28f1/Editor/Data/MonoBleedingEdge/etc'
Using monoOptions --debugger-agent=transport=dt_socket,embedding=1,server=y,suspend=n,address=127.0.0.1:56048
Begin MonoManager ReloadAssembly
Registering precompiled unity dll's ...
Register platform support module: C:/Program Files/Unity/Hub/Editor/2020.3.28f1/Editor/Data/PlaybackEngines/WindowsStandaloneSupport/UnityEditor.WindowsStandalone.Extensions.dll
Registered in 0.001480 seconds.
Native extension for WindowsStandalone target not found
Refreshing native plugins compatible for Editor in 34.10 ms, found 2 plugins.
Preloading 0 native plugins for Editor in 0.00 ms.
Mono: successfully reloaded assembly
- Completed reload, in  0.479 seconds
Domain Reload Profiling:
	ReloadAssembly (479ms)
		BeginReloadAssembly (50ms)
			ExecutionOrderSort (0ms)
			DisableScriptedObjects (0ms)
			BackupInstance (0ms)
			ReleaseScriptingObjects (0ms)
			CreateAndSetChildDomain (1ms)
		EndReloadAssembly (372ms)
			LoadAssemblies (49ms)
			RebuildTransferFunctionScriptingTraits (0ms)
			SetupTypeCache (120ms)
			ReleaseScriptCaches (0ms)
			RebuildScriptCaches (26ms)
			SetupLoadedEditorAssemblies (142ms)
				LogAssemblyErrors (0ms)
				InitializePlatformSupportModulesInManaged (4ms)
				SetLoadedEditorAssemblies (0ms)
				RefreshPlugins (34ms)
				BeforeProcessingInitializeOnLoad (12ms)
				ProcessInitializeOnLoadAttributes (69ms)
				ProcessInitializeOnLoadMethodAttributes (23ms)
				AfterProcessingInitializeOnLoad (0ms)
				EditorAssembliesLoaded (0ms)
			ExecutionOrderSort2 (0ms)
			AwakeInstancesAfterBackupRestoration (0ms)
Platform modules already initialized, skipping
Registering precompiled user dll's ...
Registered in 0.002870 seconds.
Begin MonoManager ReloadAssembly
Native extension for WindowsStandalone target not found
Refreshing native plugins compatible for Editor in 0.41 ms, found 2 plugins.
Preloading 0 native plugins for Editor in 0.00 ms.
Mono: successfully reloaded assembly
- Completed reload, in  0.869 seconds
Domain Reload Profiling:
	ReloadAssembly (869ms)
		BeginReloadAssembly (123ms)
			ExecutionOrderSort (0ms)
			DisableScriptedObjects (4ms)
			BackupInstance (0ms)
			ReleaseScriptingObjects (0ms)
			CreateAndSetChildDomain (15ms)
		EndReloadAssembly (697ms)
			LoadAssemblies (76ms)
			RebuildTransferFunctionScriptingTraits (0ms)
			SetupTypeCache (249ms)
			ReleaseScriptCaches (0ms)
			RebuildScriptCaches (43ms)
			SetupLoadedEditorAssemblies (259ms)
				LogAssemblyErrors (0ms)
				InitializePlatformSupportModulesInManaged (3ms)
				SetLoadedEditorAssemblies (0ms)
				RefreshPlugins (0ms)
				BeforeProcessingInitializeOnLoad (74ms)
				ProcessInitializeOnLoadAttributes (168ms)
				ProcessInitializeOnLoadMethodAttributes (8ms)
				AfterProcessingInitializeOnLoad (5ms)
				EditorAssembliesLoaded (0ms)
			ExecutionOrderSort2 (0ms)
			AwakeInstancesAfterBackupRestoration (5ms)
Platform modules already initialized, skipping
========================================================================
Worker process is ready to serve import requests
Launched and connected shader compiler UnityShaderCompiler.exe after 0.05 seconds
Refreshing native plugins compatible for Editor in 0.40 ms, found 2 plugins.
Preloading 0 native plugins for Editor in 0.00 ms.
Unloading 2031 Unused Serialized files (Serialized files now loaded: 0)
System memory in use before: 180.6 MB.
System memory in use after: 180.7 MB.

Unloading 26 unused Assets to reduce memory usage. Loaded Objects now: 2487.
Total: 2.351000 ms (FindLiveObjects: 0.128400 ms CreateObjectMapping: 0.058100 ms MarkObjects: 2.084400 ms  DeleteObjects: 0.079400 ms)

AssetImportParameters requested are different than current active one (requested -> active):
  custom:framework-win-MediaFoundation: 216162199b28c13a410421893ffa2e32 -> 
  custom:video-decoder-ogg-theora: a1e56fd34408186e4bbccfd4996cb3dc -> 
  custom:container-muxer-webm: aa71ff27fc2769a1b78a27578f13a17b -> 
  custom:container-demuxer-webm: 4f35f7cbe854078d1ac9338744f61a02 -> 
  custom:container-demuxer-ogg: 62fdf1f143b41e24485cea50d1cbac27 -> 
  custom:video-encoder-webm-vp8: eb34c28f22e8b96e1ab97ce403110664 -> 
  custom:video-decoder-webm-vp8: 9c59270c3fd7afecdb556c50c9e8de78 -> 
  custom:audio-decoder-ogg-vorbis: bf7c407c2cedff20999df2af8eb42d56 -> 
  custom:audio-encoder-webm-vorbis: bf7c407c2cedff20999df2af8eb42d56 -> 
========================================================================
Received Import Request.
  path: Assets/02.Scripts/AmmoPack.cs
  artifactKey: Guid(9185f47803780b64bb0df6a9517fe97c) Importer(815301076,1909f56bfc062723c751e8b465ee728b)
Start importing Assets/02.Scripts/AmmoPack.cs using Guid(9185f47803780b64bb0df6a9517fe97c) Importer(815301076,1909f56bfc062723c751e8b465ee728b)  -> (artifact id: '315e8ac1804e358f99f8554d328a5f21') in 0.024760 seconds 
  Import took 0.027240 seconds .

========================================================================
Received Import Request.
  Time since last request: 55.988776 seconds.
  path: Assets/02.Scripts/HealthPack.cs
  artifactKey: Guid(389cafc2ff02bb048a3a2d0077f66953) Importer(815301076,1909f56bfc062723c751e8b465ee728b)
Start importing Assets/02.Scripts/HealthPack.cs using Guid(389cafc2ff02bb048a3a2d0077f66953) Importer(815301076,1909f56bfc062723c751e8b465ee728b)  -> (artifact id: 'ea919f158aef02466fc5d355d6f66886') in 0.006656 seconds 
  Import took 0.009522 seconds .

========================================================================
Received Import Request.
  Time since last request: 4.935964 seconds.
  path: Assets/02.Scripts/Coin.cs
  artifactKey: Guid(a96009cc37c85124289c72d54ebd9824) Importer(815301076,1909f56bfc062723c751e8b465ee728b)
Start importing Assets/02.Scripts/Coin.cs using Guid(a96009cc37c85124289c72d54ebd9824) Importer(815301076,1909f56bfc062723c751e8b465ee728b)  -> (artifact id: '30c503bc0a6dd3cd826645a9aaec6cd1') in 0.006125 seconds 
  Import took 0.009588 seconds .

========================================================================
Received Import Request.
  Time since last request: 92.086497 seconds.
  path: Assets/Resources
  artifactKey: Guid(4bb93f73639114c4098dcc924ec67550) Importer(815301076,1909f56bfc062723c751e8b465ee728b)
Start importing Assets/Resources using Guid(4bb93f73639114c4098dcc924ec67550) Importer(815301076,1909f56bfc062723c751e8b465ee728b)  -> (artifact id: 'e179bd1cb1036172ffd5f128480f2333') in 0.005844 seconds 
  Import took 0.009103 seconds .

========================================================================
Received Import Request.
  Time since last request: 8.798849 seconds.
  path: Assets/Prefabs/AmmoPack.prefab
  artifactKey: Guid(c90bf41c504e541b98989b07b736097c) Importer(815301076,1909f56bfc062723c751e8b465ee728b)
Start importing Assets/Prefabs/AmmoPack.prefab using Guid(c90bf41c504e541b98989b07b736097c) Importer(815301076,1909f56bfc062723c751e8b465ee728b)  -> (artifact id: 'e30f1f444f6aefa64f2f871354b832d9') in 0.079449 seconds 
  Import took 0.082113 seconds .

========================================================================
Received Import Request.
  Time since last request: 380.548233 seconds.
  path: Assets/02.Scripts/ItemSpawner.cs
  artifactKey: Guid(9de768d3a5fa74b41926706dd1ef74fd) Importer(815301076,1909f56bfc062723c751e8b465ee728b)
Start importing Assets/02.Scripts/ItemSpawner.cs using Guid(9de768d3a5fa74b41926706dd1ef74fd) Importer(815301076,1909f56bfc062723c751e8b465ee728b)  -> (artifact id: '393ba82855dc3b73fff5bbdfd113809f') in 0.007641 seconds 
  Import took 0.010992 seconds .

========================================================================
Received Import Request.
  Time since last request: 1209.322395 seconds.
  path: Assets/02.Scripts/ItemSpawner.cs
  artifactKey: Guid(9de768d3a5fa74b41926706dd1ef74fd) Importer(815301076,1909f56bfc062723c751e8b465ee728b)
Start importing Assets/02.Scripts/ItemSpawner.cs using Guid(9de768d3a5fa74b41926706dd1ef74fd) Importer(815301076,1909f56bfc062723c751e8b465ee728b)  -> (artifact id: '445db969df75ab3f8f01f0288d34e870') in 0.001956 seconds 
  Import took 0.004867 seconds .

========================================================================
Received Import Request.
  Time since last request: 2955.303157 seconds.
  path: Assets/02.Scripts/ZombieSpawner.cs
  artifactKey: Guid(03a716134dac748438a608a963fe6dd1) Importer(815301076,1909f56bfc062723c751e8b465ee728b)
Start importing Assets/02.Scripts/ZombieSpawner.cs using Guid(03a716134dac748438a608a963fe6dd1) Importer(815301076,1909f56bfc062723c751e8b465ee728b)  -> (artifact id: '60f7c7a31dcc020cf7813f335a4f0355') in 0.006770 seconds 
  Import took 0.009882 seconds .

========================================================================
Received Import Request.
  Time since last request: 191.465667 seconds.
  path: Assets/02.Scripts/ZombieSpawner.cs
  artifactKey: Guid(03a716134dac748438a608a963fe6dd1) Importer(815301076,1909f56bfc062723c751e8b465ee728b)
Start importing Assets/02.Scripts/ZombieSpawner.cs using Guid(03a716134dac748438a608a963fe6dd1) Importer(815301076,1909f56bfc062723c751e8b465ee728b)  -> (artifact id: 'c3d41532e38ea900076000a5ea12d319') in 0.003214 seconds 
  Import took 0.006137 seconds .

========================================================================
Received Import Request.
  Time since last request: 2111.740830 seconds.
  path: Assets/02.Scripts/ZombieSpawner.cs
  artifactKey: Guid(03a716134dac748438a608a963fe6dd1) Importer(815301076,1909f56bfc062723c751e8b465ee728b)
Start importing Assets/02.Scripts/ZombieSpawner.cs using Guid(03a716134dac748438a608a963fe6dd1) Importer(815301076,1909f56bfc062723c751e8b465ee728b)  -> (artifact id: '2dc798334413c0be3c2cf5a055f00bd9') in 0.007230 seconds 
  Import took 0.010866 seconds .

========================================================================
Received Import Request.
  Time since last request: 1121.514499 seconds.
  path: Assets/02.Scripts/Gun.cs
  artifactKey: Guid(e04203cadf03e2042ae9699d00f101a5) Importer(815301076,1909f56bfc062723c751e8b465ee728b)
Start importing Assets/02.Scripts/Gun.cs using Guid(e04203cadf03e2042ae9699d00f101a5) Importer(815301076,1909f56bfc062723c751e8b465ee728b)  -> (artifact id: '771004cc30051838435fe72722bbe916') in 0.006285 seconds 
  Import took 0.009233 seconds .

========================================================================
Received Import Request.
  Time since last request: 19.215525 seconds.
  path: Assets/02.Scripts/ColorSerialization.cs
  artifactKey: Guid(f43af9525defbb6468b3fc8beb3ae316) Importer(815301076,1909f56bfc062723c751e8b465ee728b)
Start importing Assets/02.Scripts/ColorSerialization.cs using Guid(f43af9525defbb6468b3fc8beb3ae316) Importer(815301076,1909f56bfc062723c751e8b465ee728b)  -> (artifact id: 'fe2e03f96da248fe3f198f38679853d9') in 0.008348 seconds 
  Import took 0.013078 seconds .

========================================================================
Received Import Request.
  Time since last request: 625.832255 seconds.
  path: Assets/02.Scripts/ColorSerialization.cs
  artifactKey: Guid(f43af9525defbb6468b3fc8beb3ae316) Importer(815301076,1909f56bfc062723c751e8b465ee728b)
Start importing Assets/02.Scripts/ColorSerialization.cs using Guid(f43af9525defbb6468b3fc8beb3ae316) Importer(815301076,1909f56bfc062723c751e8b465ee728b)  -> (artifact id: 'ed983d14ce8e67c86beaed8723b05d0b') in 0.002067 seconds 
  Import took 0.005370 seconds .

========================================================================
Received Prepare
Registering precompiled user dll's ...
Registered in 0.002808 seconds.
Begin MonoManager ReloadAssembly
Native extension for WindowsStandalone target not found
Refreshing native plugins compatible for Editor in 0.41 ms, found 2 plugins.
Preloading 0 native plugins for Editor in 0.00 ms.
Mono: successfully reloaded assembly
- Completed reload, in  0.810 seconds
Domain Reload Profiling:
	ReloadAssembly (811ms)
		BeginReloadAssembly (96ms)
			ExecutionOrderSort (0ms)
			DisableScriptedObjects (4ms)
			BackupInstance (0ms)
			ReleaseScriptingObjects (0ms)
			CreateAndSetChildDomain (30ms)
		EndReloadAssembly (666ms)
			LoadAssemblies (75ms)
			RebuildTransferFunctionScriptingTraits (0ms)
			SetupTypeCache (243ms)
			ReleaseScriptCaches (1ms)
			RebuildScriptCaches (36ms)
			SetupLoadedEditorAssemblies (243ms)
				LogAssemblyErrors (0ms)
				InitializePlatformSupportModulesInManaged (3ms)
				SetLoadedEditorAssemblies (0ms)
				RefreshPlugins (0ms)
				BeforeProcessingInitializeOnLoad (69ms)
				ProcessInitializeOnLoadAttributes (156ms)
				ProcessInitializeOnLoadMethodAttributes (8ms)
				AfterProcessingInitializeOnLoad (5ms)
				EditorAssembliesLoaded (0ms)
			ExecutionOrderSort2 (0ms)
			AwakeInstancesAfterBackupRestoration (5ms)
Platform modules already initialized, skipping
Refreshing native plugins compatible for Editor in 0.41 ms, found 2 plugins.
Preloading 0 native plugins for Editor in 0.00 ms.
Unloading 1983 Unused Serialized files (Serialized files now loaded: 0)
System memory in use before: 179.4 MB.
System memory in use after: 179.5 MB.

Unloading 20 unused Assets to reduce memory usage. Loaded Objects now: 2498.
Total: 2.233400 ms (FindLiveObjects: 0.128300 ms CreateObjectMapping: 0.056000 ms MarkObjects: 2.032600 ms  DeleteObjects: 0.016000 ms)

AssetImportParameters requested are different than current active one (requested -> active):
  custom:framework-win-MediaFoundation: 216162199b28c13a410421893ffa2e32 -> 
  custom:video-decoder-ogg-theora: a1e56fd34408186e4bbccfd4996cb3dc -> 
  custom:container-muxer-webm: aa71ff27fc2769a1b78a27578f13a17b -> 
  custom:container-demuxer-webm: 4f35f7cbe854078d1ac9338744f61a02 -> 
  custom:container-demuxer-ogg: 62fdf1f143b41e24485cea50d1cbac27 -> 
  custom:video-encoder-webm-vp8: eb34c28f22e8b96e1ab97ce403110664 -> 
  custom:video-decoder-webm-vp8: 9c59270c3fd7afecdb556c50c9e8de78 -> 
  custom:audio-decoder-ogg-vorbis: bf7c407c2cedff20999df2af8eb42d56 -> 
  custom:audio-encoder-webm-vorbis: bf7c407c2cedff20999df2af8eb42d56 -> 
========================================================================
Received Import Request.
  Time since last request: 195.416004 seconds.
  path: Assets/02.Scripts/GameManager.cs
  artifactKey: Guid(d8de004ad77c3c4429a005fd593bc061) Importer(815301076,1909f56bfc062723c751e8b465ee728b)
Start importing Assets/02.Scripts/GameManager.cs using Guid(d8de004ad77c3c4429a005fd593bc061) Importer(815301076,1909f56bfc062723c751e8b465ee728b)  -> (artifact id: '2b34d6d8f10cf2093c2c0186c3a6e51f') in 0.010640 seconds 
  Import took 0.013740 seconds .

AssetImportWorkerClient::OnTransportError - code=2 error=End of file
